<?xml version="1.0" encoding="UTF-8"?>
<testng-results skipped="0" failed="0" ignored="0" total="1" passed="1">
  <reporter-output>
    <line>
      <![CDATA[Extent Report Directory/Users/jahidul/IdeaProjects/batch1903webautomationframework/automationpractice/target/surefire-reports/html]]>
    </line>
    <line>
      <![CDATA[Send text to Search Box]]>
    </line>
    <line>
      <![CDATA[Text Sent to Search Box]]>
    </line>
  </reporter-output>
  <suite name="AliBaba Automation Test" duration-ms="4749" started-at="2020-01-21T01:58:21Z" finished-at="2020-01-21T01:58:26Z">
    <groups>
    </groups>
    <test name="Ecommerce Home" duration-ms="4749" started-at="2020-01-21T01:58:21Z" finished-at="2020-01-21T01:58:26Z">
      <class name="page_objects_test.HomePageTest">
        <test-method status="PASS" signature="extentSetup(org.testng.ITestContext)[pri:0, instance:page_objects_test.HomePageTest@b97c004]" name="extentSetup" is-config="true" duration-ms="107" started-at="2020-01-20T20:58:21Z" finished-at="2020-01-20T20:58:21Z">
          <params>
            <param index="0">
              <value>
                <![CDATA[org.testng.TestRunner@3899782c]]>
              </value>
            </param>
          </params>
          <reporter-output>
            <line>
              <![CDATA[Extent Report Directory/Users/jahidul/IdeaProjects/batch1903webautomationframework/automationpractice/target/surefire-reports/html]]>
            </line>
          </reporter-output>
        </test-method> <!-- extentSetup -->
        <test-method status="PASS" signature="setUp(boolean, java.lang.String, java.lang.String, java.lang.String, java.lang.String, java.lang.String, java.lang.String)[pri:0, instance:page_objects_test.HomePageTest@b97c004]" name="setUp" is-config="true" duration-ms="3504" started-at="2020-01-20T20:58:21Z" finished-at="2020-01-20T20:58:25Z">
          <params>
            <param index="0">
              <value>
                <![CDATA[false]]>
              </value>
            </param>
            <param index="1">
              <value>
                <![CDATA[browserstack]]>
              </value>
            </param>
            <param index="2">
              <value>
                <![CDATA[mac]]>
              </value>
            </param>
            <param index="3">
              <value>
                <![CDATA[Mojave]]>
              </value>
            </param>
            <param index="4">
              <value>
                <![CDATA[chrome]]>
              </value>
            </param>
            <param index="5">
              <value>
                <![CDATA[76.0]]>
              </value>
            </param>
            <param index="6">
              <value>
                <![CDATA[http://automationpractice.com]]>
              </value>
            </param>
          </params>
          <reporter-output>
          </reporter-output>
        </test-method> <!-- setUp -->
        <test-method status="PASS" signature="startExtent(java.lang.reflect.Method)[pri:0, instance:page_objects_test.HomePageTest@b97c004]" name="startExtent" is-config="true" duration-ms="4" started-at="2020-01-20T20:58:25Z" finished-at="2020-01-20T20:58:25Z">
          <params>
            <param index="0">
              <value>
                <![CDATA[public void page_objects_test.HomePageTest.searchTest() throws java.lang.InterruptedException]]>
              </value>
            </param>
          </params>
          <reporter-output>
          </reporter-output>
        </test-method> <!-- startExtent -->
        <test-method status="PASS" signature="initialiseElements()[pri:0, instance:page_objects_test.HomePageTest@b97c004]" name="initialiseElements" is-config="true" duration-ms="25" started-at="2020-01-20T20:58:25Z" finished-at="2020-01-20T20:58:25Z">
          <reporter-output>
          </reporter-output>
        </test-method> <!-- initialiseElements -->
        <test-method status="PASS" signature="searchTest()[pri:0, instance:page_objects_test.HomePageTest@b97c004]" name="searchTest" duration-ms="881" started-at="2020-01-20T20:58:25Z" finished-at="2020-01-20T20:58:26Z">
          <reporter-output>
            <line>
              <![CDATA[Send text to Search Box]]>
            </line>
            <line>
              <![CDATA[Text Sent to Search Box]]>
            </line>
          </reporter-output>
        </test-method> <!-- searchTest -->
        <test-method status="PASS" signature="afterEachTestMethod(org.testng.ITestResult)[pri:0, instance:page_objects_test.HomePageTest@b97c004]" name="afterEachTestMethod" is-config="true" duration-ms="325" started-at="2020-01-20T20:58:26Z" finished-at="2020-01-20T20:58:26Z">
          <params>
            <param index="0">
              <value>
                <![CDATA[[TestResult name=searchTest status=SUCCESS method=HomePageTest.searchTest()[pri:0, instance:page_objects_test.HomePageTest@b97c004] output=Send text to Search Box]]]>
              </value>
            </param>
          </params>
          <reporter-output>
          </reporter-output>
        </test-method> <!-- afterEachTestMethod -->
        <test-method status="PASS" signature="closeOut()[pri:0, instance:page_objects_test.HomePageTest@b97c004]" name="closeOut" is-config="true" duration-ms="0" started-at="2020-01-20T20:58:26Z" finished-at="2020-01-20T20:58:26Z">
          <reporter-output>
          </reporter-output>
        </test-method> <!-- closeOut -->
        <test-method status="PASS" signature="generateReport()[pri:0, instance:page_objects_test.HomePageTest@b97c004]" name="generateReport" is-config="true" duration-ms="31" started-at="2020-01-20T20:58:26Z" finished-at="2020-01-20T20:58:26Z">
          <reporter-output>
          </reporter-output>
        </test-method> <!-- generateReport -->
      </class> <!-- page_objects_test.HomePageTest -->
    </test> <!-- Ecommerce Home -->
  </suite> <!-- AliBaba Automation Test -->
</testng-results>
